<?xml version="1.0" encoding="UTF-8"?>
<testsuite name="LearningProgressTrackerTest" tests="1" skipped="0" failures="1" errors="0" timestamp="2022-08-29T14:13:48" hostname="CATALIN" time="0.723">
  <properties/>
  <testcase name="start" classname="LearningProgressTrackerTest" time="0.723">
    <failure message="java.lang.AssertionError: Wrong answer in test #32&#10;&#10;When the &quot;statistics&quot; command is entered, your program must print: &quot;Type the name of a course to see details or 'back' to quit:&quot;, but your output was: Error: unknown command!&#10;&#10;Please find below the output of your program during this failed test.&#10;Note that the '&gt;' character indicates the beginning of the input line.&#10;&#10;---&#10;&#10;Learning Progress Tracker&#10;&gt; statistics&#10;Error: unknown command!" type="java.lang.AssertionError">java.lang.AssertionError: Wrong answer in test #32

When the &quot;statistics&quot; command is entered, your program must print: &quot;Type the name of a course to see details or 'back' to quit:&quot;, but your output was: Error: unknown command!

Please find below the output of your program during this failed test.
Note that the '&gt;' character indicates the beginning of the input line.

---

Learning Progress Tracker
&gt; statistics
Error: unknown command!
	at org.junit.Assert.fail(Assert.java:89)
	at org.hyperskill.hstest.stage.StageTest.start(StageTest.java:155)
	at java.base/jdk.internal.reflect.NativeMethodAccessorImpl.invoke0(Native Method)
	at java.base/jdk.internal.reflect.NativeMethodAccessorImpl.invoke(NativeMethodAccessorImpl.java:77)
	at java.base/jdk.internal.reflect.DelegatingMethodAccessorImpl.invoke(DelegatingMethodAccessorImpl.java:43)
	at java.base/java.lang.reflect.Method.invoke(Method.java:568)
	at org.junit.runners.model.FrameworkMethod$1.runReflectiveCall(FrameworkMethod.java:59)
	at org.junit.internal.runners.model.ReflectiveCallable.run(ReflectiveCallable.java:12)
	at org.junit.runners.model.FrameworkMethod.invokeExplosively(FrameworkMethod.java:56)
	at org.junit.internal.runners.statements.InvokeMethod.evaluate(InvokeMethod.java:17)
	at org.junit.runners.ParentRunner$3.evaluate(ParentRunner.java:306)
	at org.junit.runners.BlockJUnit4ClassRunner$1.evaluate(BlockJUnit4ClassRunner.java:100)
	at org.junit.runners.ParentRunner.runLeaf(ParentRunner.java:366)
	at org.junit.runners.BlockJUnit4ClassRunner.runChild(BlockJUnit4ClassRunner.java:103)
	at org.junit.runners.BlockJUnit4ClassRunner.runChild(BlockJUnit4ClassRunner.java:63)
	at org.junit.runners.ParentRunner$4.run(ParentRunner.java:331)
	at org.junit.runners.ParentRunner$1.schedule(ParentRunner.java:79)
	at org.junit.runners.ParentRunner.runChildren(ParentRunner.java:329)
	at org.junit.runners.ParentRunner.access$100(ParentRunner.java:66)
	at org.junit.runners.ParentRunner$2.evaluate(ParentRunner.java:293)
	at org.junit.runners.ParentRunner$3.evaluate(ParentRunner.java:306)
	at org.junit.runners.ParentRunner.run(ParentRunner.java:413)
	at org.junit.runner.JUnitCore.run(JUnitCore.java:137)
	at org.junit.runner.JUnitCore.run(JUnitCore.java:115)
	at org.junit.vintage.engine.execution.RunnerExecutor.execute(RunnerExecutor.java:42)
	at org.junit.vintage.engine.VintageTestEngine.executeAllChildren(VintageTestEngine.java:80)
	at org.junit.vintage.engine.VintageTestEngine.execute(VintageTestEngine.java:72)
	at org.junit.platform.launcher.core.EngineExecutionOrchestrator.execute(EngineExecutionOrchestrator.java:108)
	at org.junit.platform.launcher.core.EngineExecutionOrchestrator.execute(EngineExecutionOrchestrator.java:88)
	at org.junit.platform.launcher.core.EngineExecutionOrchestrator.lambda$execute$0(EngineExecutionOrchestrator.java:54)
	at org.junit.platform.launcher.core.EngineExecutionOrchestrator.withInterceptedStreams(EngineExecutionOrchestrator.java:67)
	at org.junit.platform.launcher.core.EngineExecutionOrchestrator.execute(EngineExecutionOrchestrator.java:52)
	at org.junit.platform.launcher.core.DefaultLauncher.execute(DefaultLauncher.java:96)
	at org.junit.platform.launcher.core.DefaultLauncher.execute(DefaultLauncher.java:75)
	at org.gradle.api.internal.tasks.testing.junitplatform.JUnitPlatformTestClassProcessor$CollectAllTestClassesExecutor.processAllTestClasses(JUnitPlatformTestClassProcessor.java:99)
	at org.gradle.api.internal.tasks.testing.junitplatform.JUnitPlatformTestClassProcessor$CollectAllTestClassesExecutor.access$000(JUnitPlatformTestClassProcessor.java:79)
	at org.gradle.api.internal.tasks.testing.junitplatform.JUnitPlatformTestClassProcessor.stop(JUnitPlatformTestClassProcessor.java:75)
	at org.gradle.api.internal.tasks.testing.SuiteTestClassProcessor.stop(SuiteTestClassProcessor.java:61)
	at java.base/jdk.internal.reflect.NativeMethodAccessorImpl.invoke0(Native Method)
	at java.base/jdk.internal.reflect.NativeMethodAccessorImpl.invoke(NativeMethodAccessorImpl.java:77)
	at java.base/jdk.internal.reflect.DelegatingMethodAccessorImpl.invoke(DelegatingMethodAccessorImpl.java:43)
	at java.base/java.lang.reflect.Method.invoke(Method.java:568)
	at org.gradle.internal.dispatch.ReflectionDispatch.dispatch(ReflectionDispatch.java:36)
	at org.gradle.internal.dispatch.ReflectionDispatch.dispatch(ReflectionDispatch.java:24)
	at org.gradle.internal.dispatch.ContextClassLoaderDispatch.dispatch(ContextClassLoaderDispatch.java:33)
	at org.gradle.internal.dispatch.ProxyDispatchAdapter$DispatchingInvocationHandler.invoke(ProxyDispatchAdapter.java:94)
	at jdk.proxy1/jdk.proxy1.$Proxy2.stop(Unknown Source)
	at org.gradle.api.internal.tasks.testing.worker.TestWorker$3.run(TestWorker.java:193)
	at org.gradle.api.internal.tasks.testing.worker.TestWorker.executeAndMaintainThreadName(TestWorker.java:129)
	at org.gradle.api.internal.tasks.testing.worker.TestWorker.execute(TestWorker.java:100)
	at org.gradle.api.internal.tasks.testing.worker.TestWorker.execute(TestWorker.java:60)
	at org.gradle.process.internal.worker.child.ActionExecutionWorker.execute(ActionExecutionWorker.java:56)
	at org.gradle.process.internal.worker.child.SystemApplicationClassLoaderWorker.call(SystemApplicationClassLoaderWorker.java:133)
	at org.gradle.process.internal.worker.child.SystemApplicationClassLoaderWorker.call(SystemApplicationClassLoaderWorker.java:71)
	at worker.org.gradle.process.internal.worker.GradleWorkerMain.run(GradleWorkerMain.java:69)
	at worker.org.gradle.process.internal.worker.GradleWorkerMain.main(GradleWorkerMain.java:74)
</failure>
  </testcase>
  <system-out><![CDATA[?[1;31m
Start test 1?[0m
Learning Progress Tracker
> back
Enter 'exit' to exit the program
> exit
Bye!
?[1;31m
Start test 2?[0m
Learning Progress Tracker
> 
no input
?[1;31m
Start test 3?[0m
Learning Progress Tracker
>   
no input
?[1;31m
Start test 4?[0m
Learning Progress Tracker
> 	
no input
?[1;31m
Start test 5?[0m
Learning Progress Tracker
>  	
no input
?[1;31m
Start test 6?[0m
Learning Progress Tracker
> abc
Error: unknown command!
?[1;31m
Start test 7?[0m
Learning Progress Tracker
> quit
Error: unknown command!
?[1;31m
Start test 8?[0m
Learning Progress Tracker
>   brexit 
Error: unknown command!
?[1;31m
Start test 9?[0m
Learning Progress Tracker
> exi  t
Error: unknown command!
?[1;31m
Start test 10?[0m
Learning Progress Tracker
> ?
Error: unknown command!
?[1;31m
Start test 11?[0m
Learning Progress Tracker
> break
Error: unknown command!
?[1;31m
Start test 12?[0m
Learning Progress Tracker
> -exit
Error: unknown command!
?[1;31m
Start test 13?[0m
Learning Progress Tracker
> Ctrl+C
Error: unknown command!
?[1;31m
Start test 14?[0m
Learning Progress Tracker
> exit please
Error: unknown command!
?[1;31m
Start test 15?[0m
Learning Progress Tracker
> :q
Error: unknown command!
?[1;31m
Start test 16?[0m
Learning Progress Tracker
> java
Error: unknown command!
?[1;31m
Start test 17?[0m
Learning Progress Tracker
> spring
Error: unknown command!
?[1;31m
Start test 18?[0m
Learning Progress Tracker
> dsa
Error: unknown command!
?[1;31m
Start test 19?[0m
Learning Progress Tracker
> databases
Error: unknown command!
?[1;31m
Start test 20?[0m
Learning Progress Tracker
> add students
Enter student credentials or 'back' to return
> exit
Incorrect credentials
> back
Total 0 students have been added.
> back
Enter 'exit' to exit the program
> exit
Bye!
?[1;31m
Start test 21?[0m
Learning Progress Tracker
> add students
Enter student credentials or 'back' to return
> John Smith jsmith@hotmail.com
The student has been added.
> Anny Doolittle anny.md@mail.edu
The student has been added.
> Jean-Claude O'Connor jcda123@google.net
The student has been added.
> Mary Emelianenko 125367at@zzz90.z9
The student has been added.
> Al Owen u15da125@a1s2f4f7.a1c2c5s4
The student has been added.
> Robert Jemison Van de Graaff robertvdgraaff@mit.edu
The student has been added.
> Ed Eden a1@a1.a1
The student has been added.
> na'me s-u ii@ii.ii
The student has been added.
> n'a me su aa-b'b ab@ab.ab
The student has been added.
> nA me 1@1.1
The student has been added.
> back
Total 10 students have been added.
?[1;31m
Start test 22?[0m
Learning Progress Tracker
> add students
Enter student credentials or 'back' to return
> 
Incorrect credentials
>  	
Incorrect credentials
> name surname
Incorrect credentials
> n surname email@email.xyz
Incorrect first name
> 'name surname email@email.xyz
Incorrect first name
> -name surname email@email.xyz
Incorrect first name
> name- surname email@email.xyz
Incorrect first name
> name' surname email@email.xyz
Incorrect first name
> nam-'e surname email@email.xyz
Incorrect first name
> na'-me surname email@email.xyz
Incorrect first name
> na--me surname email@email.xyz
Incorrect first name
> na''me surname email@email.xyz
Incorrect first name
> námé surname email@email.xyz
Incorrect first name
> name s email@email.xyz
Incorrect last name
> name -surname email@email.xyz
Incorrect last name
> name 'surname email@email.xyz
Incorrect last name
> name surnam''e email@email.xyz
Incorrect last name
> name surn--ame email@email.xyz
Incorrect last name
> name s'-urname email@email.xyz
Incorrect last name
> name su-'rname email@email.xyz
Incorrect last name
> name surname- email@email.xyz
Incorrect last name
> name surname' email@email.xyz
Incorrect last name
> name surnámé email@email.xyz
Incorrect last name
> name surname emailemail.xyz
Incorrect email
> name surname email@emailxyz
Incorrect email
> name surname email@e@mail.xyz
Incorrect email
> back
Total 0 students have been added.
?[1;31m
Start test 23?[0m
Learning Progress Tracker
> add students
Enter student credentials or 'back' to return
> back
Total 0 students have been added.
> list
No students found
?[1;31m
Start test 24?[0m
Learning Progress Tracker
> add students
Enter student credentials or 'back' to return
> Barbara-Anne Chicky address1@mail.com
The student has been added.
> Barbara-Anne Chicky address1@mail.com
This email is already taken.
> Francesca Francis address2@mail.com
The student has been added.
> Francesca Francis address2@mail.com
This email is already taken.
> Dolley Panther address3@mail.com
The student has been added.
> Dolley Panther address3@mail.com
This email is already taken.
> Lebbie Alabaster address4@mail.com
The student has been added.
> Lebbie Alabaster address4@mail.com
This email is already taken.
> Shoshana Utica address5@mail.com
The student has been added.
> Shoshana Utica address5@mail.com
This email is already taken.
> Anjanette Uis address6@mail.com
The student has been added.
> Anjanette Uis address6@mail.com
This email is already taken.
> Ann Agnella address7@mail.com
The student has been added.
> Ann Agnella address7@mail.com
This email is already taken.
> Hedwig Wally address8@mail.com
The student has been added.
> Hedwig Wally address8@mail.com
This email is already taken.
> Karee Antoinetta address9@mail.com
The student has been added.
> Karee Antoinetta address9@mail.com
This email is already taken.
> Jermaine Naaman address10@mail.com
The student has been added.
> Jermaine Naaman address10@mail.com
This email is already taken.
> Charlena Girardo address11@mail.com
The student has been added.
> Charlena Girardo address11@mail.com
This email is already taken.
> Annecorinne Ause address12@mail.com
The student has been added.
> Annecorinne Ause address12@mail.com
This email is already taken.
> back
Total 12 students have been added.
?[1;31m
Start test 25?[0m
Learning Progress Tracker
> add students
Enter student credentials or 'back' to return
> Olga Rosanne address1@mail.com
The student has been added.
> Barbara-Anne Chicky address2@mail.com
The student has been added.
> Alexina Belcher address3@mail.com
The student has been added.
> Van Fawnia address4@mail.com
The student has been added.
> Charlena Girardo address5@mail.com
The student has been added.
> Gwenette Anagnos address6@mail.com
The student has been added.
> Dalia Gleeson address7@mail.com
The student has been added.
> Annecorinne Ause address8@mail.com
The student has been added.
> Tasha Chem address9@mail.com
The student has been added.
> Trixie Winer address10@mail.com
The student has been added.
> Dolley Panther address11@mail.com
The student has been added.
> Ricki Trovillion address12@mail.com
The student has been added.
> back
Total 12 students have been added.
> list
Students:
10000
10001
10002
10003
10004
10005
10006
10007
10008
10009
10010
10011
?[1;31m
Start test 26?[0m
Learning Progress Tracker
> add points
Enter an id and points or 'back' to return
> back
> back
Enter 'exit' to exit the program
> exit
Bye!
?[1;31m
Start test 27?[0m
Learning Progress Tracker
> add students
Enter student credentials or 'back' to return
> Roxi Hett address1@mail.com
The student has been added.
> Charlena Girardo address2@mail.com
The student has been added.
> Carmella Campman address3@mail.com
The student has been added.
> Aurie Dorisa address4@mail.com
The student has been added.
> Dalia Gleeson address5@mail.com
The student has been added.
> Starlin Griz address6@mail.com
The student has been added.
> back
Total 6 students have been added.
> list
Students:
10000
10001
10002
10003
10004
10005
> add points
Enter an id and points or 'back' to return
> 10000 
Incorrect points format
> 10000 -1 1 1 1
Incorrect points format
> 10000 1 1 2 A
Incorrect points format
> 10000 1 1 1
Incorrect points format
> 10000 1 1 1 1 1
Incorrect points format
> imsurethereisnosuchstudentid 1 1 1 1
No student is found for id=imsurethereisnosuchstudentid
?[1;31m
Start test 28?[0m
Learning Progress Tracker
> add students
Enter student credentials or 'back' to return
> Ann Agnella address1@mail.com
The student has been added.
> Gwenette Anagnos address2@mail.com
The student has been added.
> Amye Uriisa address3@mail.com
The student has been added.
> Starlin Griz address4@mail.com
The student has been added.
> Toby Bleier address5@mail.com
The student has been added.
> Jermaine Naaman address6@mail.com
The student has been added.
> back
Total 6 students have been added.
> list
Students:
10000
10001
10002
10003
10004
10005
> add points
Enter an id and points or 'back' to return
> 10000 7 6 10 4
Points updated
> 10001 7 4 9 2
Points updated
> 10002 9 8 5 10
Points updated
> 10003 5 2 10 6
Points updated
> 10004 5 4 5 8
Points updated
> 10005 3 10 1 3
Points updated
?[1;31m
Start test 29?[0m
Learning Progress Tracker
> find
Enter an id or 'back' to return:
> back
> back
Enter 'exit' to exit the program
> exit
Bye!
?[1;31m
Start test 30?[0m
Learning Progress Tracker
> add students
Enter student credentials or 'back' to return
> Alexina Belcher address1@mail.com
The student has been added.
> Olga Rosanne address2@mail.com
The student has been added.
> Van Fawnia address3@mail.com
The student has been added.
> Anjanette Uis address4@mail.com
The student has been added.
> Leola Whelan address5@mail.com
The student has been added.
> back
Total 5 students have been added.
> list
Students:
10000
10001
10002
10003
10004
> add points
Enter an id and points or 'back' to return
> 10000 0 0 0 0
Points updated
> 10000 0 0 0 0
Points updated
> 10001 1 1 1 1
Points updated
> 10001 1 1 1 1
Points updated
> 10002 2 2 2 2
Points updated
> 10002 2 2 2 2
Points updated
> 10003 3 3 3 3
Points updated
> 10003 3 3 3 3
Points updated
> 10004 4 4 4 4
Points updated
> 10004 4 4 4 4
Points updated
> back
> find
Enter an id or 'back' to return:
> 10000
10000 points: Java=0; DSA=0; Databases=0; Spring=0
> 10001
10001 points: Java=2; DSA=2; Databases=2; Spring=2
> 10002
10002 points: Java=4; DSA=4; Databases=4; Spring=4
> 10003
10003 points: Java=6; DSA=6; Databases=6; Spring=6
> 10004
10004 points: Java=8; DSA=8; Databases=8; Spring=8
?[1;31m
Start test 31?[0m
Learning Progress Tracker
> statistics
Error: unknown command!
> back
Enter 'exit' to exit the program
> back
Enter 'exit' to exit the program
> exit
Bye!
?[1;31m
Start test 32?[0m
Learning Progress Tracker
> statistics
Error: unknown command!
]]></system-out>
  <system-err><![CDATA[java.lang.NumberFormatException: For input string: "A"
	at java.base/java.lang.NumberFormatException.forInputString(NumberFormatException.java:67)
	at java.base/java.lang.Integer.parseInt(Integer.java:668)
	at java.base/java.lang.Integer.valueOf(Integer.java:999)
	at tracker.Program.addPoints(Main.java:102)
	at tracker.Program.run(Main.java:33)
	at tracker.Main.main(Main.java:14)
	at java.base/jdk.internal.reflect.NativeMethodAccessorImpl.invoke0(Native Method)
	at java.base/jdk.internal.reflect.NativeMethodAccessorImpl.invoke(NativeMethodAccessorImpl.java:77)
	at java.base/jdk.internal.reflect.DelegatingMethodAccessorImpl.invoke(DelegatingMethodAccessorImpl.java:43)
	at java.base/java.lang.reflect.Method.invoke(Method.java:568)
	at org.hyperskill.hstest.testing.execution.MainMethodExecutor.invokeMain(MainMethodExecutor.java:172)
	at org.hyperskill.hstest.testing.execution.MainMethodExecutor.lambda$launch$0(MainMethodExecutor.java:199)
	at java.base/java.util.concurrent.Executors$RunnableAdapter.call(Executors.java:539)
	at java.base/java.util.concurrent.FutureTask.run(FutureTask.java:264)
	at java.base/java.util.concurrent.ThreadPoolExecutor.runWorker(ThreadPoolExecutor.java:1136)
	at java.base/java.util.concurrent.ThreadPoolExecutor$Worker.run(ThreadPoolExecutor.java:635)
	at java.base/java.lang.Thread.run(Thread.java:833)
]]></system-err>
</testsuite>
