<!DOCTYPE html>
<html>
<head>
<meta http-equiv="Content-Type" content="text/html; charset=utf-8"/>
<meta http-equiv="x-ua-compatible" content="IE=edge"/>
<title>Test results - Class LearningProgressTrackerTest</title>
<link href="../css/base-style.css" rel="stylesheet" type="text/css"/>
<link href="../css/style.css" rel="stylesheet" type="text/css"/>
<script src="../js/report.js" type="text/javascript"></script>
</head>
<body>
<div id="content">
<h1>Class LearningProgressTrackerTest</h1>
<div class="breadcrumbs">
<a href="../index.html">all</a> &gt; 
<a href="../packages/default-package.html">default-package</a> &gt; LearningProgressTrackerTest</div>
<div id="summary">
<table>
<tr>
<td>
<div class="summaryGroup">
<table>
<tr>
<td>
<div class="infoBox" id="tests">
<div class="counter">1</div>
<p>tests</p>
</div>
</td>
<td>
<div class="infoBox" id="failures">
<div class="counter">1</div>
<p>failures</p>
</div>
</td>
<td>
<div class="infoBox" id="ignored">
<div class="counter">0</div>
<p>ignored</p>
</div>
</td>
<td>
<div class="infoBox" id="duration">
<div class="counter">0.723s</div>
<p>duration</p>
</div>
</td>
</tr>
</table>
</div>
</td>
<td>
<div class="infoBox failures" id="successRate">
<div class="percent">0%</div>
<p>successful</p>
</div>
</td>
</tr>
</table>
</div>
<div id="tabs">
<ul class="tabLinks">
<li>
<a href="#tab0">Failed tests</a>
</li>
<li>
<a href="#tab1">Tests</a>
</li>
<li>
<a href="#tab2">Standard output</a>
</li>
<li>
<a href="#tab3">Standard error</a>
</li>
</ul>
<div id="tab0" class="tab">
<h2>Failed tests</h2>
<div class="test">
<a name="start"></a>
<h3 class="failures">start</h3>
<span class="code">
<pre>java.lang.AssertionError: Wrong answer in test #32

When the &quot;statistics&quot; command is entered, your program must print: &quot;Type the name of a course to see details or 'back' to quit:&quot;, but your output was: Error: unknown command!

Please find below the output of your program during this failed test.
Note that the '&gt;' character indicates the beginning of the input line.

---

Learning Progress Tracker
&gt; statistics
Error: unknown command!
	at org.junit.Assert.fail(Assert.java:89)
	at org.hyperskill.hstest.stage.StageTest.start(StageTest.java:155)
	at java.base/jdk.internal.reflect.NativeMethodAccessorImpl.invoke0(Native Method)
	at java.base/jdk.internal.reflect.NativeMethodAccessorImpl.invoke(NativeMethodAccessorImpl.java:77)
	at java.base/jdk.internal.reflect.DelegatingMethodAccessorImpl.invoke(DelegatingMethodAccessorImpl.java:43)
	at java.base/java.lang.reflect.Method.invoke(Method.java:568)
	at org.junit.runners.model.FrameworkMethod$1.runReflectiveCall(FrameworkMethod.java:59)
	at org.junit.internal.runners.model.ReflectiveCallable.run(ReflectiveCallable.java:12)
	at org.junit.runners.model.FrameworkMethod.invokeExplosively(FrameworkMethod.java:56)
	at org.junit.internal.runners.statements.InvokeMethod.evaluate(InvokeMethod.java:17)
	at org.junit.runners.ParentRunner$3.evaluate(ParentRunner.java:306)
	at org.junit.runners.BlockJUnit4ClassRunner$1.evaluate(BlockJUnit4ClassRunner.java:100)
	at org.junit.runners.ParentRunner.runLeaf(ParentRunner.java:366)
	at org.junit.runners.BlockJUnit4ClassRunner.runChild(BlockJUnit4ClassRunner.java:103)
	at org.junit.runners.BlockJUnit4ClassRunner.runChild(BlockJUnit4ClassRunner.java:63)
	at org.junit.runners.ParentRunner$4.run(ParentRunner.java:331)
	at org.junit.runners.ParentRunner$1.schedule(ParentRunner.java:79)
	at org.junit.runners.ParentRunner.runChildren(ParentRunner.java:329)
	at org.junit.runners.ParentRunner.access$100(ParentRunner.java:66)
	at org.junit.runners.ParentRunner$2.evaluate(ParentRunner.java:293)
	at org.junit.runners.ParentRunner$3.evaluate(ParentRunner.java:306)
	at org.junit.runners.ParentRunner.run(ParentRunner.java:413)
	at org.junit.runner.JUnitCore.run(JUnitCore.java:137)
	at org.junit.runner.JUnitCore.run(JUnitCore.java:115)
	at org.junit.vintage.engine.execution.RunnerExecutor.execute(RunnerExecutor.java:42)
	at org.junit.vintage.engine.VintageTestEngine.executeAllChildren(VintageTestEngine.java:80)
	at org.junit.vintage.engine.VintageTestEngine.execute(VintageTestEngine.java:72)
	at org.junit.platform.launcher.core.EngineExecutionOrchestrator.execute(EngineExecutionOrchestrator.java:108)
	at org.junit.platform.launcher.core.EngineExecutionOrchestrator.execute(EngineExecutionOrchestrator.java:88)
	at org.junit.platform.launcher.core.EngineExecutionOrchestrator.lambda$execute$0(EngineExecutionOrchestrator.java:54)
	at org.junit.platform.launcher.core.EngineExecutionOrchestrator.withInterceptedStreams(EngineExecutionOrchestrator.java:67)
	at org.junit.platform.launcher.core.EngineExecutionOrchestrator.execute(EngineExecutionOrchestrator.java:52)
	at org.junit.platform.launcher.core.DefaultLauncher.execute(DefaultLauncher.java:96)
	at org.junit.platform.launcher.core.DefaultLauncher.execute(DefaultLauncher.java:75)
	at org.gradle.api.internal.tasks.testing.junitplatform.JUnitPlatformTestClassProcessor$CollectAllTestClassesExecutor.processAllTestClasses(JUnitPlatformTestClassProcessor.java:99)
	at org.gradle.api.internal.tasks.testing.junitplatform.JUnitPlatformTestClassProcessor$CollectAllTestClassesExecutor.access$000(JUnitPlatformTestClassProcessor.java:79)
	at org.gradle.api.internal.tasks.testing.junitplatform.JUnitPlatformTestClassProcessor.stop(JUnitPlatformTestClassProcessor.java:75)
	at org.gradle.api.internal.tasks.testing.SuiteTestClassProcessor.stop(SuiteTestClassProcessor.java:61)
	at java.base/jdk.internal.reflect.NativeMethodAccessorImpl.invoke0(Native Method)
	at java.base/jdk.internal.reflect.NativeMethodAccessorImpl.invoke(NativeMethodAccessorImpl.java:77)
	at java.base/jdk.internal.reflect.DelegatingMethodAccessorImpl.invoke(DelegatingMethodAccessorImpl.java:43)
	at java.base/java.lang.reflect.Method.invoke(Method.java:568)
	at org.gradle.internal.dispatch.ReflectionDispatch.dispatch(ReflectionDispatch.java:36)
	at org.gradle.internal.dispatch.ReflectionDispatch.dispatch(ReflectionDispatch.java:24)
	at org.gradle.internal.dispatch.ContextClassLoaderDispatch.dispatch(ContextClassLoaderDispatch.java:33)
	at org.gradle.internal.dispatch.ProxyDispatchAdapter$DispatchingInvocationHandler.invoke(ProxyDispatchAdapter.java:94)
	at jdk.proxy1/jdk.proxy1.$Proxy2.stop(Unknown Source)
	at org.gradle.api.internal.tasks.testing.worker.TestWorker$3.run(TestWorker.java:193)
	at org.gradle.api.internal.tasks.testing.worker.TestWorker.executeAndMaintainThreadName(TestWorker.java:129)
	at org.gradle.api.internal.tasks.testing.worker.TestWorker.execute(TestWorker.java:100)
	at org.gradle.api.internal.tasks.testing.worker.TestWorker.execute(TestWorker.java:60)
	at org.gradle.process.internal.worker.child.ActionExecutionWorker.execute(ActionExecutionWorker.java:56)
	at org.gradle.process.internal.worker.child.SystemApplicationClassLoaderWorker.call(SystemApplicationClassLoaderWorker.java:133)
	at org.gradle.process.internal.worker.child.SystemApplicationClassLoaderWorker.call(SystemApplicationClassLoaderWorker.java:71)
	at worker.org.gradle.process.internal.worker.GradleWorkerMain.run(GradleWorkerMain.java:69)
	at worker.org.gradle.process.internal.worker.GradleWorkerMain.main(GradleWorkerMain.java:74)
</pre>
</span>
</div>
</div>
<div id="tab1" class="tab">
<h2>Tests</h2>
<table>
<thead>
<tr>
<th>Test</th>
<th>Duration</th>
<th>Result</th>
</tr>
</thead>
<tr>
<td class="failures">start</td>
<td class="failures">0.723s</td>
<td class="failures">failed</td>
</tr>
</table>
</div>
<div id="tab2" class="tab">
<h2>Standard output</h2>
<span class="code">
<pre>?[1;31m
Start test 1?[0m
Learning Progress Tracker
&gt; back
Enter 'exit' to exit the program
&gt; exit
Bye!
?[1;31m
Start test 2?[0m
Learning Progress Tracker
&gt; 
no input
?[1;31m
Start test 3?[0m
Learning Progress Tracker
&gt;   
no input
?[1;31m
Start test 4?[0m
Learning Progress Tracker
&gt; 	
no input
?[1;31m
Start test 5?[0m
Learning Progress Tracker
&gt;  	
no input
?[1;31m
Start test 6?[0m
Learning Progress Tracker
&gt; abc
Error: unknown command!
?[1;31m
Start test 7?[0m
Learning Progress Tracker
&gt; quit
Error: unknown command!
?[1;31m
Start test 8?[0m
Learning Progress Tracker
&gt;   brexit 
Error: unknown command!
?[1;31m
Start test 9?[0m
Learning Progress Tracker
&gt; exi  t
Error: unknown command!
?[1;31m
Start test 10?[0m
Learning Progress Tracker
&gt; ?
Error: unknown command!
?[1;31m
Start test 11?[0m
Learning Progress Tracker
&gt; break
Error: unknown command!
?[1;31m
Start test 12?[0m
Learning Progress Tracker
&gt; -exit
Error: unknown command!
?[1;31m
Start test 13?[0m
Learning Progress Tracker
&gt; Ctrl+C
Error: unknown command!
?[1;31m
Start test 14?[0m
Learning Progress Tracker
&gt; exit please
Error: unknown command!
?[1;31m
Start test 15?[0m
Learning Progress Tracker
&gt; :q
Error: unknown command!
?[1;31m
Start test 16?[0m
Learning Progress Tracker
&gt; java
Error: unknown command!
?[1;31m
Start test 17?[0m
Learning Progress Tracker
&gt; spring
Error: unknown command!
?[1;31m
Start test 18?[0m
Learning Progress Tracker
&gt; dsa
Error: unknown command!
?[1;31m
Start test 19?[0m
Learning Progress Tracker
&gt; databases
Error: unknown command!
?[1;31m
Start test 20?[0m
Learning Progress Tracker
&gt; add students
Enter student credentials or 'back' to return
&gt; exit
Incorrect credentials
&gt; back
Total 0 students have been added.
&gt; back
Enter 'exit' to exit the program
&gt; exit
Bye!
?[1;31m
Start test 21?[0m
Learning Progress Tracker
&gt; add students
Enter student credentials or 'back' to return
&gt; John Smith jsmith@hotmail.com
The student has been added.
&gt; Anny Doolittle anny.md@mail.edu
The student has been added.
&gt; Jean-Claude O'Connor jcda123@google.net
The student has been added.
&gt; Mary Emelianenko 125367at@zzz90.z9
The student has been added.
&gt; Al Owen u15da125@a1s2f4f7.a1c2c5s4
The student has been added.
&gt; Robert Jemison Van de Graaff robertvdgraaff@mit.edu
The student has been added.
&gt; Ed Eden a1@a1.a1
The student has been added.
&gt; na'me s-u ii@ii.ii
The student has been added.
&gt; n'a me su aa-b'b ab@ab.ab
The student has been added.
&gt; nA me 1@1.1
The student has been added.
&gt; back
Total 10 students have been added.
?[1;31m
Start test 22?[0m
Learning Progress Tracker
&gt; add students
Enter student credentials or 'back' to return
&gt; 
Incorrect credentials
&gt;  	
Incorrect credentials
&gt; name surname
Incorrect credentials
&gt; n surname email@email.xyz
Incorrect first name
&gt; 'name surname email@email.xyz
Incorrect first name
&gt; -name surname email@email.xyz
Incorrect first name
&gt; name- surname email@email.xyz
Incorrect first name
&gt; name' surname email@email.xyz
Incorrect first name
&gt; nam-'e surname email@email.xyz
Incorrect first name
&gt; na'-me surname email@email.xyz
Incorrect first name
&gt; na--me surname email@email.xyz
Incorrect first name
&gt; na''me surname email@email.xyz
Incorrect first name
&gt; námé surname email@email.xyz
Incorrect first name
&gt; name s email@email.xyz
Incorrect last name
&gt; name -surname email@email.xyz
Incorrect last name
&gt; name 'surname email@email.xyz
Incorrect last name
&gt; name surnam''e email@email.xyz
Incorrect last name
&gt; name surn--ame email@email.xyz
Incorrect last name
&gt; name s'-urname email@email.xyz
Incorrect last name
&gt; name su-'rname email@email.xyz
Incorrect last name
&gt; name surname- email@email.xyz
Incorrect last name
&gt; name surname' email@email.xyz
Incorrect last name
&gt; name surnámé email@email.xyz
Incorrect last name
&gt; name surname emailemail.xyz
Incorrect email
&gt; name surname email@emailxyz
Incorrect email
&gt; name surname email@e@mail.xyz
Incorrect email
&gt; back
Total 0 students have been added.
?[1;31m
Start test 23?[0m
Learning Progress Tracker
&gt; add students
Enter student credentials or 'back' to return
&gt; back
Total 0 students have been added.
&gt; list
No students found
?[1;31m
Start test 24?[0m
Learning Progress Tracker
&gt; add students
Enter student credentials or 'back' to return
&gt; Barbara-Anne Chicky address1@mail.com
The student has been added.
&gt; Barbara-Anne Chicky address1@mail.com
This email is already taken.
&gt; Francesca Francis address2@mail.com
The student has been added.
&gt; Francesca Francis address2@mail.com
This email is already taken.
&gt; Dolley Panther address3@mail.com
The student has been added.
&gt; Dolley Panther address3@mail.com
This email is already taken.
&gt; Lebbie Alabaster address4@mail.com
The student has been added.
&gt; Lebbie Alabaster address4@mail.com
This email is already taken.
&gt; Shoshana Utica address5@mail.com
The student has been added.
&gt; Shoshana Utica address5@mail.com
This email is already taken.
&gt; Anjanette Uis address6@mail.com
The student has been added.
&gt; Anjanette Uis address6@mail.com
This email is already taken.
&gt; Ann Agnella address7@mail.com
The student has been added.
&gt; Ann Agnella address7@mail.com
This email is already taken.
&gt; Hedwig Wally address8@mail.com
The student has been added.
&gt; Hedwig Wally address8@mail.com
This email is already taken.
&gt; Karee Antoinetta address9@mail.com
The student has been added.
&gt; Karee Antoinetta address9@mail.com
This email is already taken.
&gt; Jermaine Naaman address10@mail.com
The student has been added.
&gt; Jermaine Naaman address10@mail.com
This email is already taken.
&gt; Charlena Girardo address11@mail.com
The student has been added.
&gt; Charlena Girardo address11@mail.com
This email is already taken.
&gt; Annecorinne Ause address12@mail.com
The student has been added.
&gt; Annecorinne Ause address12@mail.com
This email is already taken.
&gt; back
Total 12 students have been added.
?[1;31m
Start test 25?[0m
Learning Progress Tracker
&gt; add students
Enter student credentials or 'back' to return
&gt; Olga Rosanne address1@mail.com
The student has been added.
&gt; Barbara-Anne Chicky address2@mail.com
The student has been added.
&gt; Alexina Belcher address3@mail.com
The student has been added.
&gt; Van Fawnia address4@mail.com
The student has been added.
&gt; Charlena Girardo address5@mail.com
The student has been added.
&gt; Gwenette Anagnos address6@mail.com
The student has been added.
&gt; Dalia Gleeson address7@mail.com
The student has been added.
&gt; Annecorinne Ause address8@mail.com
The student has been added.
&gt; Tasha Chem address9@mail.com
The student has been added.
&gt; Trixie Winer address10@mail.com
The student has been added.
&gt; Dolley Panther address11@mail.com
The student has been added.
&gt; Ricki Trovillion address12@mail.com
The student has been added.
&gt; back
Total 12 students have been added.
&gt; list
Students:
10000
10001
10002
10003
10004
10005
10006
10007
10008
10009
10010
10011
?[1;31m
Start test 26?[0m
Learning Progress Tracker
&gt; add points
Enter an id and points or 'back' to return
&gt; back
&gt; back
Enter 'exit' to exit the program
&gt; exit
Bye!
?[1;31m
Start test 27?[0m
Learning Progress Tracker
&gt; add students
Enter student credentials or 'back' to return
&gt; Roxi Hett address1@mail.com
The student has been added.
&gt; Charlena Girardo address2@mail.com
The student has been added.
&gt; Carmella Campman address3@mail.com
The student has been added.
&gt; Aurie Dorisa address4@mail.com
The student has been added.
&gt; Dalia Gleeson address5@mail.com
The student has been added.
&gt; Starlin Griz address6@mail.com
The student has been added.
&gt; back
Total 6 students have been added.
&gt; list
Students:
10000
10001
10002
10003
10004
10005
&gt; add points
Enter an id and points or 'back' to return
&gt; 10000 
Incorrect points format
&gt; 10000 -1 1 1 1
Incorrect points format
&gt; 10000 1 1 2 A
Incorrect points format
&gt; 10000 1 1 1
Incorrect points format
&gt; 10000 1 1 1 1 1
Incorrect points format
&gt; imsurethereisnosuchstudentid 1 1 1 1
No student is found for id=imsurethereisnosuchstudentid
?[1;31m
Start test 28?[0m
Learning Progress Tracker
&gt; add students
Enter student credentials or 'back' to return
&gt; Ann Agnella address1@mail.com
The student has been added.
&gt; Gwenette Anagnos address2@mail.com
The student has been added.
&gt; Amye Uriisa address3@mail.com
The student has been added.
&gt; Starlin Griz address4@mail.com
The student has been added.
&gt; Toby Bleier address5@mail.com
The student has been added.
&gt; Jermaine Naaman address6@mail.com
The student has been added.
&gt; back
Total 6 students have been added.
&gt; list
Students:
10000
10001
10002
10003
10004
10005
&gt; add points
Enter an id and points or 'back' to return
&gt; 10000 7 6 10 4
Points updated
&gt; 10001 7 4 9 2
Points updated
&gt; 10002 9 8 5 10
Points updated
&gt; 10003 5 2 10 6
Points updated
&gt; 10004 5 4 5 8
Points updated
&gt; 10005 3 10 1 3
Points updated
?[1;31m
Start test 29?[0m
Learning Progress Tracker
&gt; find
Enter an id or 'back' to return:
&gt; back
&gt; back
Enter 'exit' to exit the program
&gt; exit
Bye!
?[1;31m
Start test 30?[0m
Learning Progress Tracker
&gt; add students
Enter student credentials or 'back' to return
&gt; Alexina Belcher address1@mail.com
The student has been added.
&gt; Olga Rosanne address2@mail.com
The student has been added.
&gt; Van Fawnia address3@mail.com
The student has been added.
&gt; Anjanette Uis address4@mail.com
The student has been added.
&gt; Leola Whelan address5@mail.com
The student has been added.
&gt; back
Total 5 students have been added.
&gt; list
Students:
10000
10001
10002
10003
10004
&gt; add points
Enter an id and points or 'back' to return
&gt; 10000 0 0 0 0
Points updated
&gt; 10000 0 0 0 0
Points updated
&gt; 10001 1 1 1 1
Points updated
&gt; 10001 1 1 1 1
Points updated
&gt; 10002 2 2 2 2
Points updated
&gt; 10002 2 2 2 2
Points updated
&gt; 10003 3 3 3 3
Points updated
&gt; 10003 3 3 3 3
Points updated
&gt; 10004 4 4 4 4
Points updated
&gt; 10004 4 4 4 4
Points updated
&gt; back
&gt; find
Enter an id or 'back' to return:
&gt; 10000
10000 points: Java=0; DSA=0; Databases=0; Spring=0
&gt; 10001
10001 points: Java=2; DSA=2; Databases=2; Spring=2
&gt; 10002
10002 points: Java=4; DSA=4; Databases=4; Spring=4
&gt; 10003
10003 points: Java=6; DSA=6; Databases=6; Spring=6
&gt; 10004
10004 points: Java=8; DSA=8; Databases=8; Spring=8
?[1;31m
Start test 31?[0m
Learning Progress Tracker
&gt; statistics
Error: unknown command!
&gt; back
Enter 'exit' to exit the program
&gt; back
Enter 'exit' to exit the program
&gt; exit
Bye!
?[1;31m
Start test 32?[0m
Learning Progress Tracker
&gt; statistics
Error: unknown command!
</pre>
</span>
</div>
<div id="tab3" class="tab">
<h2>Standard error</h2>
<span class="code">
<pre>java.lang.NumberFormatException: For input string: &quot;A&quot;
	at java.base/java.lang.NumberFormatException.forInputString(NumberFormatException.java:67)
	at java.base/java.lang.Integer.parseInt(Integer.java:668)
	at java.base/java.lang.Integer.valueOf(Integer.java:999)
	at tracker.Program.addPoints(Main.java:102)
	at tracker.Program.run(Main.java:33)
	at tracker.Main.main(Main.java:14)
	at java.base/jdk.internal.reflect.NativeMethodAccessorImpl.invoke0(Native Method)
	at java.base/jdk.internal.reflect.NativeMethodAccessorImpl.invoke(NativeMethodAccessorImpl.java:77)
	at java.base/jdk.internal.reflect.DelegatingMethodAccessorImpl.invoke(DelegatingMethodAccessorImpl.java:43)
	at java.base/java.lang.reflect.Method.invoke(Method.java:568)
	at org.hyperskill.hstest.testing.execution.MainMethodExecutor.invokeMain(MainMethodExecutor.java:172)
	at org.hyperskill.hstest.testing.execution.MainMethodExecutor.lambda$launch$0(MainMethodExecutor.java:199)
	at java.base/java.util.concurrent.Executors$RunnableAdapter.call(Executors.java:539)
	at java.base/java.util.concurrent.FutureTask.run(FutureTask.java:264)
	at java.base/java.util.concurrent.ThreadPoolExecutor.runWorker(ThreadPoolExecutor.java:1136)
	at java.base/java.util.concurrent.ThreadPoolExecutor$Worker.run(ThreadPoolExecutor.java:635)
	at java.base/java.lang.Thread.run(Thread.java:833)
</pre>
</span>
</div>
</div>
<div id="footer">
<p>
<div>
<label class="hidden" id="label-for-line-wrapping-toggle" for="line-wrapping-toggle">Wrap lines
<input id="line-wrapping-toggle" type="checkbox" autocomplete="off"/>
</label>
</div>Generated by 
<a href="http://www.gradle.org">Gradle 7.3.3</a> at 29 Aug 2022, 15:13:49</p>
</div>
</div>
</body>
</html>
